<?xml version="1.0" encoding="UTF-8"?>
<testsuite xmlns:xsi="http://www.w3.org/2001/XMLSchema-instance" xsi:noNamespaceSchemaLocation="https://maven.apache.org/surefire/maven-surefire-plugin/xsd/surefire-test-report.xsd" name="com.snowflake.similarity.SimilarityTest" time="0.04" tests="11" errors="0" skipped="0" failures="0">
  <properties>
[...]
</properties>
  <testcase name="hammingTestss" classname="com.snowflake.similarity.SimilarityTest" time="0.002"/>
  <testcase name="fuzzyScoreTests" classname="com.snowflake.similarity.SimilarityTest" time="0"/>
  <testcase name="levenshteinTest" classname="com.snowflake.similarity.SimilarityTest" time="0.001"/>
  <testcase name="jaccardDistanceTests" classname="com.snowflake.similarity.SimilarityTest" time="0.001"/>
  <testcase name="longestCommonSubsequenceDistanceTests" classname="com.snowflake.similarity.SimilarityTest" time="0.001"/>
  <testcase name="cosineSimilarityTest" classname="com.snowflake.similarity.SimilarityTest" time="0"/>
  <testcase name="jaroWinklerSimilarityTests" classname="com.snowflake.similarity.SimilarityTest" time="0.005"/>
  <testcase name="cosineDistanceTest" classname="com.snowflake.similarity.SimilarityTest" time="0.004"/>
  <testcase name="jaroWinklerDistanceTests" classname="com.snowflake.similarity.SimilarityTest" time="0"/>
  <testcase name="jaccardSimilarityTests" classname="com.snowflake.similarity.SimilarityTest" time="0.001"/>
  <testcase name="longestCommonSubsequenceTests" classname="com.snowflake.similarity.SimilarityTest" time="0"/>
</testsuite>